2021-12-14 18:15:08,252 INFO org.springframework.boot.StartupInfoLogger [restartedMain] Starting ReimbursementApplication using Java 16.0.2 on LAPTOP-416D82O1 with PID 11680 (C:\Users\Carlos Leon\java-project-two-master\target\classes started by Carlos Leon in C:\Users\Carlos Leon\java-project-two-master)
2021-12-14 18:15:08,255 INFO org.hibernate.validator.internal.util.Version [background-preinit] HV000001: Hibernate Validator 6.2.0.Final
2021-12-14 18:15:08,258 INFO org.springframework.boot.SpringApplication [restartedMain] No active profile set, falling back to default profiles: default
2021-12-14 18:15:08,313 INFO org.springframework.boot.logging.DeferredLog [restartedMain] Devtools property defaults active! Set 'spring.devtools.add-properties' to 'false' to disable
2021-12-14 18:15:08,313 INFO org.springframework.boot.logging.DeferredLog [restartedMain] For additional web related logging consider setting the 'logging.level.web' property to 'DEBUG'
2021-12-14 18:15:09,466 INFO org.springframework.data.repository.config.RepositoryConfigurationDelegate [restartedMain] Bootstrapping Spring Data JPA repositories in DEFAULT mode.
2021-12-14 18:15:09,546 INFO org.springframework.data.repository.config.RepositoryConfigurationDelegate [restartedMain] Finished Spring Data repository scanning in 67 ms. Found 2 JPA repository interfaces.
2021-12-14 18:15:10,486 INFO org.springframework.boot.web.embedded.tomcat.TomcatWebServer [restartedMain] Tomcat initialized with port(s): 8080 (http)
2021-12-14 18:15:10,499 INFO org.apache.juli.logging.DirectJDKLog [restartedMain] Initializing ProtocolHandler ["http-nio-8080"]
2021-12-14 18:15:10,500 INFO org.apache.juli.logging.DirectJDKLog [restartedMain] Starting service [Tomcat]
2021-12-14 18:15:10,501 INFO org.apache.juli.logging.DirectJDKLog [restartedMain] Starting Servlet engine: [Apache Tomcat/9.0.55]
2021-12-14 18:15:10,614 INFO org.apache.juli.logging.DirectJDKLog [restartedMain] Initializing Spring embedded WebApplicationContext
2021-12-14 18:15:10,614 INFO org.springframework.boot.web.servlet.context.ServletWebServerApplicationContext [restartedMain] Root WebApplicationContext: initialization completed in 2300 ms
2021-12-14 18:15:10,978 INFO org.hibernate.jpa.internal.util.LogHelper [restartedMain] HHH000204: Processing PersistenceUnitInfo [name: default]
2021-12-14 18:15:11,063 INFO org.hibernate.Version [restartedMain] HHH000412: Hibernate ORM core version 5.6.1.Final
2021-12-14 18:15:11,283 INFO org.hibernate.annotations.common.reflection.java.JavaReflectionManager [restartedMain] HCANN000001: Hibernate Commons Annotations {5.1.2.Final}
2021-12-14 18:15:11,426 INFO com.zaxxer.hikari.HikariDataSource [restartedMain] HikariPool-1 - Starting...
2021-12-14 18:15:11,754 INFO com.zaxxer.hikari.HikariDataSource [restartedMain] HikariPool-1 - Start completed.
2021-12-14 18:15:11,774 INFO org.hibernate.dialect.Dialect [restartedMain] HHH000400: Using dialect: org.hibernate.dialect.PostgreSQL9Dialect
2021-12-14 18:15:12,456 INFO org.hibernate.engine.transaction.jta.platform.internal.JtaPlatformInitiator [restartedMain] HHH000490: Using JtaPlatform implementation: [org.hibernate.engine.transaction.jta.platform.internal.NoJtaPlatform]
2021-12-14 18:15:12,463 INFO org.springframework.orm.jpa.AbstractEntityManagerFactoryBean [restartedMain] Initialized JPA EntityManagerFactory for persistence unit 'default'
2021-12-14 18:15:13,147 WARN org.springframework.boot.autoconfigure.orm.jpa.JpaBaseConfiguration$JpaWebConfiguration [restartedMain] spring.jpa.open-in-view is enabled by default. Therefore, database queries may be performed during view rendering. Explicitly configure spring.jpa.open-in-view to disable this warning
2021-12-14 18:15:13,728 INFO org.springframework.boot.devtools.autoconfigure.OptionalLiveReloadServer [restartedMain] LiveReload server is running on port 35729
2021-12-14 18:15:13,734 INFO org.springframework.boot.actuate.endpoint.web.EndpointLinksResolver [restartedMain] Exposing 1 endpoint(s) beneath base path '/actuator'
2021-12-14 18:15:13,760 INFO org.apache.juli.logging.DirectJDKLog [restartedMain] Starting ProtocolHandler ["http-nio-8080"]
2021-12-14 18:15:13,801 INFO org.springframework.boot.web.embedded.tomcat.TomcatWebServer [restartedMain] Tomcat started on port(s): 8080 (http) with context path ''
2021-12-14 18:15:13,813 INFO org.springframework.boot.StartupInfoLogger [restartedMain] Started ReimbursementApplication in 5.938 seconds (JVM running for 6.775)
2021-12-14 22:05:27,315 INFO org.apache.juli.logging.DirectJDKLog [http-nio-8080-exec-1] Initializing Spring DispatcherServlet 'dispatcherServlet'
2021-12-14 22:05:27,325 INFO org.springframework.web.servlet.FrameworkServlet [http-nio-8080-exec-1] Initializing Servlet 'dispatcherServlet'
2021-12-14 22:05:27,402 INFO org.springframework.web.servlet.FrameworkServlet [http-nio-8080-exec-1] Completed initialization in 76 ms
2021-12-14 22:05:27,851 INFO com.revture.project2.reimbursement.aop.LoggingAspect [http-nio-8080-exec-2] BOOKCRUD - Spring Boot Logging AOP EXAMPLE - Execution time of UsersServicEmpliment.logIn :: 137 ms
2021-12-14 22:05:36,379 INFO com.revture.project2.reimbursement.aop.LoggingAspect [http-nio-8080-exec-3] BOOKCRUD - Spring Boot Logging AOP EXAMPLE - Execution time of RequestServicEmpliment.userPendingRequestes :: 13 ms
2021-12-14 22:06:15,581 INFO com.revture.project2.reimbursement.aop.LoggingAspect [http-nio-8080-exec-5] BOOKCRUD - Spring Boot Logging AOP EXAMPLE - Execution time of RequestServicEmpliment.addRequest :: 83 ms
2021-12-14 22:06:20,513 INFO com.revture.project2.reimbursement.aop.LoggingAspect [http-nio-8080-exec-6] BOOKCRUD - Spring Boot Logging AOP EXAMPLE - Execution time of RequestServicEmpliment.userPendingRequestes :: 6 ms
