2021-12-16 12:00:53,251 INFO org.springframework.boot.StartupInfoLogger [restartedMain] Starting ReimbursementApplication using Java 16.0.2 on LAPTOP-416D82O1 with PID 31452 (C:\Users\Carlos Leon\java-project-two-master\target\classes started by Carlos Leon in C:\Users\Carlos Leon\java-project-two-master)
2021-12-16 12:00:53,251 INFO org.hibernate.validator.internal.util.Version [background-preinit] HV000001: Hibernate Validator 6.2.0.Final
2021-12-16 12:00:53,257 INFO org.springframework.boot.SpringApplication [restartedMain] No active profile set, falling back to default profiles: default
2021-12-16 12:00:53,319 INFO org.springframework.boot.logging.DeferredLog [restartedMain] Devtools property defaults active! Set 'spring.devtools.add-properties' to 'false' to disable
2021-12-16 12:00:53,320 INFO org.springframework.boot.logging.DeferredLog [restartedMain] For additional web related logging consider setting the 'logging.level.web' property to 'DEBUG'
2021-12-16 12:00:54,498 INFO org.springframework.data.repository.config.RepositoryConfigurationDelegate [restartedMain] Bootstrapping Spring Data JPA repositories in DEFAULT mode.
2021-12-16 12:00:54,590 INFO org.springframework.data.repository.config.RepositoryConfigurationDelegate [restartedMain] Finished Spring Data repository scanning in 80 ms. Found 2 JPA repository interfaces.
2021-12-16 12:00:55,662 INFO org.springframework.boot.web.embedded.tomcat.TomcatWebServer [restartedMain] Tomcat initialized with port(s): 8080 (http)
2021-12-16 12:00:55,678 INFO org.apache.juli.logging.DirectJDKLog [restartedMain] Initializing ProtocolHandler ["http-nio-8080"]
2021-12-16 12:00:55,679 INFO org.apache.juli.logging.DirectJDKLog [restartedMain] Starting service [Tomcat]
2021-12-16 12:00:55,679 INFO org.apache.juli.logging.DirectJDKLog [restartedMain] Starting Servlet engine: [Apache Tomcat/9.0.55]
2021-12-16 12:00:55,792 INFO org.apache.juli.logging.DirectJDKLog [restartedMain] Initializing Spring embedded WebApplicationContext
2021-12-16 12:00:55,792 INFO org.springframework.boot.web.servlet.context.ServletWebServerApplicationContext [restartedMain] Root WebApplicationContext: initialization completed in 2472 ms
2021-12-16 12:00:56,192 INFO org.hibernate.jpa.internal.util.LogHelper [restartedMain] HHH000204: Processing PersistenceUnitInfo [name: default]
2021-12-16 12:00:56,265 INFO org.hibernate.Version [restartedMain] HHH000412: Hibernate ORM core version 5.6.1.Final
2021-12-16 12:00:56,504 INFO org.hibernate.annotations.common.reflection.java.JavaReflectionManager [restartedMain] HCANN000001: Hibernate Commons Annotations {5.1.2.Final}
2021-12-16 12:00:56,654 INFO com.zaxxer.hikari.HikariDataSource [restartedMain] HikariPool-1 - Starting...
2021-12-16 12:00:56,943 INFO com.zaxxer.hikari.HikariDataSource [restartedMain] HikariPool-1 - Start completed.
2021-12-16 12:00:56,965 INFO org.hibernate.dialect.Dialect [restartedMain] HHH000400: Using dialect: org.hibernate.dialect.PostgreSQL9Dialect
2021-12-16 12:00:57,718 INFO org.hibernate.engine.transaction.jta.platform.internal.JtaPlatformInitiator [restartedMain] HHH000490: Using JtaPlatform implementation: [org.hibernate.engine.transaction.jta.platform.internal.NoJtaPlatform]
2021-12-16 12:00:57,726 INFO org.springframework.orm.jpa.AbstractEntityManagerFactoryBean [restartedMain] Initialized JPA EntityManagerFactory for persistence unit 'default'
2021-12-16 12:00:58,381 WARN org.springframework.boot.autoconfigure.orm.jpa.JpaBaseConfiguration$JpaWebConfiguration [restartedMain] spring.jpa.open-in-view is enabled by default. Therefore, database queries may be performed during view rendering. Explicitly configure spring.jpa.open-in-view to disable this warning
2021-12-16 12:00:58,913 INFO org.springframework.boot.devtools.autoconfigure.OptionalLiveReloadServer [restartedMain] LiveReload server is running on port 35729
2021-12-16 12:00:58,921 INFO org.springframework.boot.actuate.endpoint.web.EndpointLinksResolver [restartedMain] Exposing 1 endpoint(s) beneath base path '/actuator'
2021-12-16 12:00:58,942 INFO org.apache.juli.logging.DirectJDKLog [restartedMain] Starting ProtocolHandler ["http-nio-8080"]
2021-12-16 12:00:58,972 INFO org.springframework.boot.web.embedded.tomcat.TomcatWebServer [restartedMain] Tomcat started on port(s): 8080 (http) with context path ''
2021-12-16 12:00:58,984 INFO org.springframework.boot.StartupInfoLogger [restartedMain] Started ReimbursementApplication in 6.122 seconds (JVM running for 6.936)
2021-12-16 12:03:42,261 INFO org.apache.juli.logging.DirectJDKLog [http-nio-8080-exec-1] Initializing Spring DispatcherServlet 'dispatcherServlet'
2021-12-16 12:03:42,262 INFO org.springframework.web.servlet.FrameworkServlet [http-nio-8080-exec-1] Initializing Servlet 'dispatcherServlet'
2021-12-16 12:03:42,264 INFO org.springframework.web.servlet.FrameworkServlet [http-nio-8080-exec-1] Completed initialization in 2 ms
2021-12-16 12:03:42,460 INFO com.revture.project2.reimbursement.aop.LoggingAspect [http-nio-8080-exec-2] BOOKCRUD - Spring Boot Logging AOP EXAMPLE - Execution time of UsersServicEmpliment.logIn :: 56 ms
2021-12-16 12:03:45,079 INFO com.revture.project2.reimbursement.aop.LoggingAspect [http-nio-8080-exec-3] BOOKCRUD - Spring Boot Logging AOP EXAMPLE - Execution time of RequestServicEmpliment.userPendingRequestes :: 14 ms
2021-12-16 12:03:48,000 INFO com.revture.project2.reimbursement.aop.LoggingAspect [http-nio-8080-exec-5] BOOKCRUD - Spring Boot Logging AOP EXAMPLE - Execution time of RequestServicEmpliment.userResolveRequest :: 4 ms
2021-12-16 12:03:49,138 INFO com.revture.project2.reimbursement.aop.LoggingAspect [http-nio-8080-exec-6] BOOKCRUD - Spring Boot Logging AOP EXAMPLE - Execution time of RequestServicEmpliment.userPendingRequestes :: 2 ms
2021-12-16 12:03:52,146 INFO com.revture.project2.reimbursement.aop.LoggingAspect [http-nio-8080-exec-7] BOOKCRUD - Spring Boot Logging AOP EXAMPLE - Execution time of RequestServicEmpliment.userPendingRequestes :: 2 ms
2021-12-16 12:04:21,669 INFO com.revture.project2.reimbursement.aop.LoggingAspect [http-nio-8080-exec-10] BOOKCRUD - Spring Boot Logging AOP EXAMPLE - Execution time of RequestServicEmpliment.addRequest :: 53 ms
2021-12-16 12:04:24,405 INFO com.revture.project2.reimbursement.aop.LoggingAspect [http-nio-8080-exec-1] BOOKCRUD - Spring Boot Logging AOP EXAMPLE - Execution time of RequestServicEmpliment.userPendingRequestes :: 4 ms
2021-12-16 12:04:26,750 INFO com.revture.project2.reimbursement.aop.LoggingAspect [http-nio-8080-exec-2] BOOKCRUD - Spring Boot Logging AOP EXAMPLE - Execution time of RequestServicEmpliment.userResolveRequest :: 1 ms
2021-12-16 12:27:29,633 INFO com.revture.project2.reimbursement.aop.LoggingAspect [http-nio-8080-exec-4] BOOKCRUD - Spring Boot Logging AOP EXAMPLE - Execution time of RequestServicEmpliment.userPendingRequestes :: 23 ms
2021-12-16 20:17:37,454 WARN com.zaxxer.hikari.pool.HikariPool$HouseKeeper [HikariPool-1 housekeeper] HikariPool-1 - Thread starvation or clock leap detected (housekeeper delta=2h10m34s733ms580µs400ns).
2021-12-16 22:47:36,129 INFO org.springframework.boot.StartupInfoLogger [restartedMain] Starting ReimbursementApplication using Java 16.0.2 on LAPTOP-416D82O1 with PID 34644 (C:\Users\Carlos Leon\java-project-two-master\target\classes started by Carlos Leon in C:\Users\Carlos Leon\java-project-two-master)
2021-12-16 22:47:36,133 INFO org.springframework.boot.SpringApplication [restartedMain] No active profile set, falling back to default profiles: default
2021-12-16 22:47:36,137 INFO org.hibernate.validator.internal.util.Version [background-preinit] HV000001: Hibernate Validator 6.2.0.Final
2021-12-16 22:47:36,193 INFO org.springframework.boot.logging.DeferredLog [restartedMain] Devtools property defaults active! Set 'spring.devtools.add-properties' to 'false' to disable
2021-12-16 22:47:36,193 INFO org.springframework.boot.logging.DeferredLog [restartedMain] For additional web related logging consider setting the 'logging.level.web' property to 'DEBUG'
2021-12-16 22:47:37,425 INFO org.springframework.data.repository.config.RepositoryConfigurationDelegate [restartedMain] Bootstrapping Spring Data JPA repositories in DEFAULT mode.
2021-12-16 22:47:37,512 INFO org.springframework.data.repository.config.RepositoryConfigurationDelegate [restartedMain] Finished Spring Data repository scanning in 72 ms. Found 2 JPA repository interfaces.
2021-12-16 22:47:38,586 INFO org.springframework.boot.web.embedded.tomcat.TomcatWebServer [restartedMain] Tomcat initialized with port(s): 8080 (http)
2021-12-16 22:47:38,600 INFO org.apache.juli.logging.DirectJDKLog [restartedMain] Initializing ProtocolHandler ["http-nio-8080"]
2021-12-16 22:47:38,601 INFO org.apache.juli.logging.DirectJDKLog [restartedMain] Starting service [Tomcat]
2021-12-16 22:47:38,602 INFO org.apache.juli.logging.DirectJDKLog [restartedMain] Starting Servlet engine: [Apache Tomcat/9.0.55]
2021-12-16 22:47:38,715 INFO org.apache.juli.logging.DirectJDKLog [restartedMain] Initializing Spring embedded WebApplicationContext
2021-12-16 22:47:38,716 INFO org.springframework.boot.web.servlet.context.ServletWebServerApplicationContext [restartedMain] Root WebApplicationContext: initialization completed in 2522 ms
2021-12-16 22:47:39,118 INFO org.hibernate.jpa.internal.util.LogHelper [restartedMain] HHH000204: Processing PersistenceUnitInfo [name: default]
2021-12-16 22:47:39,213 INFO org.hibernate.Version [restartedMain] HHH000412: Hibernate ORM core version 5.6.1.Final
2021-12-16 22:47:39,448 INFO org.hibernate.annotations.common.reflection.java.JavaReflectionManager [restartedMain] HCANN000001: Hibernate Commons Annotations {5.1.2.Final}
2021-12-16 22:47:39,608 INFO com.zaxxer.hikari.HikariDataSource [restartedMain] HikariPool-1 - Starting...
2021-12-16 22:47:39,890 INFO com.zaxxer.hikari.HikariDataSource [restartedMain] HikariPool-1 - Start completed.
2021-12-16 22:47:39,910 INFO org.hibernate.dialect.Dialect [restartedMain] HHH000400: Using dialect: org.hibernate.dialect.PostgreSQL9Dialect
2021-12-16 22:47:40,644 INFO org.hibernate.engine.transaction.jta.platform.internal.JtaPlatformInitiator [restartedMain] HHH000490: Using JtaPlatform implementation: [org.hibernate.engine.transaction.jta.platform.internal.NoJtaPlatform]
2021-12-16 22:47:40,652 INFO org.springframework.orm.jpa.AbstractEntityManagerFactoryBean [restartedMain] Initialized JPA EntityManagerFactory for persistence unit 'default'
2021-12-16 22:47:41,430 WARN org.springframework.boot.autoconfigure.orm.jpa.JpaBaseConfiguration$JpaWebConfiguration [restartedMain] spring.jpa.open-in-view is enabled by default. Therefore, database queries may be performed during view rendering. Explicitly configure spring.jpa.open-in-view to disable this warning
2021-12-16 22:47:42,045 INFO org.springframework.boot.devtools.autoconfigure.OptionalLiveReloadServer [restartedMain] LiveReload server is running on port 35729
2021-12-16 22:47:42,053 INFO org.springframework.boot.actuate.endpoint.web.EndpointLinksResolver [restartedMain] Exposing 1 endpoint(s) beneath base path '/actuator'
2021-12-16 22:47:42,081 INFO org.apache.juli.logging.DirectJDKLog [restartedMain] Starting ProtocolHandler ["http-nio-8080"]
2021-12-16 22:47:42,117 INFO org.springframework.boot.web.embedded.tomcat.TomcatWebServer [restartedMain] Tomcat started on port(s): 8080 (http) with context path ''
2021-12-16 22:47:42,129 INFO org.springframework.boot.StartupInfoLogger [restartedMain] Started ReimbursementApplication in 6.405 seconds (JVM running for 7.326)
2021-12-16 23:07:38,750 WARN com.zaxxer.hikari.pool.HikariPool$HouseKeeper [HikariPool-1 housekeeper] HikariPool-1 - Thread starvation or clock leap detected (housekeeper delta=4m28s515ms469µs900ns).
